<?xml version="1.0" encoding="UTF-8"?>
<testsuite name="ProductsTest" tests="1" skipped="0" failures="0" errors="0" timestamp="2021-02-12T11:36:19" hostname="DESKTOP-MLTKG4F" time="0.719">
  <properties/>
  <testcase name="getPrice()" classname="ProductsTest" time="0.719"/>
  <system-out><![CDATA[]]></system-out>
  <system-err><![CDATA[]]></system-err>
</testsuite>
